ARM GAS  /tmp/ccjaXM34.s 			page 1


   1              		.cpu cortex-m4
   2              		.eabi_attribute 27, 1
   3              		.eabi_attribute 28, 1
   4              		.eabi_attribute 20, 1
   5              		.eabi_attribute 21, 1
   6              		.eabi_attribute 23, 3
   7              		.eabi_attribute 24, 1
   8              		.eabi_attribute 25, 1
   9              		.eabi_attribute 26, 1
  10              		.eabi_attribute 30, 1
  11              		.eabi_attribute 34, 1
  12              		.eabi_attribute 18, 4
  13              		.file	"can.c"
  14              		.text
  15              	.Ltext0:
  16              		.cfi_sections	.debug_frame
  17              		.section	.text.MX_CAN1_Init,"ax",%progbits
  18              		.align	1
  19              		.global	MX_CAN1_Init
  20              		.arch armv7e-m
  21              		.syntax unified
  22              		.thumb
  23              		.thumb_func
  24              		.fpu fpv4-sp-d16
  26              	MX_CAN1_Init:
  27              	.LFB134:
  28              		.file 1 "Core/Src/can.c"
   1:Core/Src/can.c **** /* USER CODE BEGIN Header */
   2:Core/Src/can.c **** /**
   3:Core/Src/can.c ****   ******************************************************************************
   4:Core/Src/can.c ****   * @file    can.c
   5:Core/Src/can.c ****   * @brief   This file provides code for the configuration
   6:Core/Src/can.c ****   *          of the CAN instances.
   7:Core/Src/can.c ****   ******************************************************************************
   8:Core/Src/can.c ****   * @attention
   9:Core/Src/can.c ****   *
  10:Core/Src/can.c ****   * Copyright (c) 2024 STMicroelectronics.
  11:Core/Src/can.c ****   * All rights reserved.
  12:Core/Src/can.c ****   *
  13:Core/Src/can.c ****   * This software is licensed under terms that can be found in the LICENSE file
  14:Core/Src/can.c ****   * in the root directory of this software component.
  15:Core/Src/can.c ****   * If no LICENSE file comes with this software, it is provided AS-IS.
  16:Core/Src/can.c ****   *
  17:Core/Src/can.c ****   ******************************************************************************
  18:Core/Src/can.c ****   */
  19:Core/Src/can.c **** /* USER CODE END Header */
  20:Core/Src/can.c **** /* Includes ------------------------------------------------------------------*/
  21:Core/Src/can.c **** #include "can.h"
  22:Core/Src/can.c **** 
  23:Core/Src/can.c **** /* USER CODE BEGIN 0 */
  24:Core/Src/can.c **** 
  25:Core/Src/can.c **** /* USER CODE END 0 */
  26:Core/Src/can.c **** 
  27:Core/Src/can.c **** CAN_HandleTypeDef hcan1;
  28:Core/Src/can.c **** 
  29:Core/Src/can.c **** /* CAN1 init function */
  30:Core/Src/can.c **** void MX_CAN1_Init(void)
ARM GAS  /tmp/ccjaXM34.s 			page 2


  31:Core/Src/can.c **** {
  29              		.loc 1 31 1 view -0
  30              		.cfi_startproc
  31              		@ args = 0, pretend = 0, frame = 0
  32              		@ frame_needed = 0, uses_anonymous_args = 0
  33 0000 08B5     		push	{r3, lr}
  34              	.LCFI0:
  35              		.cfi_def_cfa_offset 8
  36              		.cfi_offset 3, -8
  37              		.cfi_offset 14, -4
  32:Core/Src/can.c **** 
  33:Core/Src/can.c ****   /* USER CODE BEGIN CAN1_Init 0 */
  34:Core/Src/can.c **** 
  35:Core/Src/can.c ****   /* USER CODE END CAN1_Init 0 */
  36:Core/Src/can.c **** 
  37:Core/Src/can.c ****   /* USER CODE BEGIN CAN1_Init 1 */
  38:Core/Src/can.c **** 
  39:Core/Src/can.c ****   /* USER CODE END CAN1_Init 1 */
  40:Core/Src/can.c ****   hcan1.Instance = CAN1;
  38              		.loc 1 40 3 view .LVU1
  39              		.loc 1 40 18 is_stmt 0 view .LVU2
  40 0002 0E48     		ldr	r0, .L5
  41 0004 0E4B     		ldr	r3, .L5+4
  42 0006 0360     		str	r3, [r0]
  41:Core/Src/can.c ****   hcan1.Init.Prescaler = 5;
  43              		.loc 1 41 3 is_stmt 1 view .LVU3
  44              		.loc 1 41 24 is_stmt 0 view .LVU4
  45 0008 0523     		movs	r3, #5
  46 000a 4360     		str	r3, [r0, #4]
  42:Core/Src/can.c ****   hcan1.Init.Mode = CAN_MODE_NORMAL;
  47              		.loc 1 42 3 is_stmt 1 view .LVU5
  48              		.loc 1 42 19 is_stmt 0 view .LVU6
  49 000c 0023     		movs	r3, #0
  50 000e 8360     		str	r3, [r0, #8]
  43:Core/Src/can.c ****   hcan1.Init.SyncJumpWidth = CAN_SJW_1TQ;
  51              		.loc 1 43 3 is_stmt 1 view .LVU7
  52              		.loc 1 43 28 is_stmt 0 view .LVU8
  53 0010 C360     		str	r3, [r0, #12]
  44:Core/Src/can.c ****   hcan1.Init.TimeSeg1 = CAN_BS1_3TQ;
  54              		.loc 1 44 3 is_stmt 1 view .LVU9
  55              		.loc 1 44 23 is_stmt 0 view .LVU10
  56 0012 4FF40032 		mov	r2, #131072
  57 0016 0261     		str	r2, [r0, #16]
  45:Core/Src/can.c ****   hcan1.Init.TimeSeg2 = CAN_BS2_5TQ;
  58              		.loc 1 45 3 is_stmt 1 view .LVU11
  59              		.loc 1 45 23 is_stmt 0 view .LVU12
  60 0018 4FF48002 		mov	r2, #4194304
  61 001c 4261     		str	r2, [r0, #20]
  46:Core/Src/can.c ****   hcan1.Init.TimeTriggeredMode = DISABLE;
  62              		.loc 1 46 3 is_stmt 1 view .LVU13
  63              		.loc 1 46 32 is_stmt 0 view .LVU14
  64 001e 0376     		strb	r3, [r0, #24]
  47:Core/Src/can.c ****   hcan1.Init.AutoBusOff = ENABLE;
  65              		.loc 1 47 3 is_stmt 1 view .LVU15
  66              		.loc 1 47 25 is_stmt 0 view .LVU16
  67 0020 0122     		movs	r2, #1
  68 0022 4276     		strb	r2, [r0, #25]
ARM GAS  /tmp/ccjaXM34.s 			page 3


  48:Core/Src/can.c ****   hcan1.Init.AutoWakeUp = ENABLE;
  69              		.loc 1 48 3 is_stmt 1 view .LVU17
  70              		.loc 1 48 25 is_stmt 0 view .LVU18
  71 0024 8276     		strb	r2, [r0, #26]
  49:Core/Src/can.c ****   hcan1.Init.AutoRetransmission = DISABLE;
  72              		.loc 1 49 3 is_stmt 1 view .LVU19
  73              		.loc 1 49 33 is_stmt 0 view .LVU20
  74 0026 C376     		strb	r3, [r0, #27]
  50:Core/Src/can.c ****   hcan1.Init.ReceiveFifoLocked = DISABLE;
  75              		.loc 1 50 3 is_stmt 1 view .LVU21
  76              		.loc 1 50 32 is_stmt 0 view .LVU22
  77 0028 0377     		strb	r3, [r0, #28]
  51:Core/Src/can.c ****   hcan1.Init.TransmitFifoPriority = DISABLE;
  78              		.loc 1 51 3 is_stmt 1 view .LVU23
  79              		.loc 1 51 35 is_stmt 0 view .LVU24
  80 002a 4377     		strb	r3, [r0, #29]
  52:Core/Src/can.c ****   if (HAL_CAN_Init(&hcan1) != HAL_OK)
  81              		.loc 1 52 3 is_stmt 1 view .LVU25
  82              		.loc 1 52 7 is_stmt 0 view .LVU26
  83 002c FFF7FEFF 		bl	HAL_CAN_Init
  84              	.LVL0:
  85              		.loc 1 52 6 view .LVU27
  86 0030 00B9     		cbnz	r0, .L4
  87              	.L1:
  53:Core/Src/can.c ****   {
  54:Core/Src/can.c ****     Error_Handler();
  55:Core/Src/can.c ****   }
  56:Core/Src/can.c ****   /* USER CODE BEGIN CAN1_Init 2 */
  57:Core/Src/can.c **** 
  58:Core/Src/can.c ****   /* USER CODE END CAN1_Init 2 */
  59:Core/Src/can.c **** 
  60:Core/Src/can.c **** }
  88              		.loc 1 60 1 view .LVU28
  89 0032 08BD     		pop	{r3, pc}
  90              	.L4:
  54:Core/Src/can.c ****   }
  91              		.loc 1 54 5 is_stmt 1 view .LVU29
  92 0034 FFF7FEFF 		bl	Error_Handler
  93              	.LVL1:
  94              		.loc 1 60 1 is_stmt 0 view .LVU30
  95 0038 FBE7     		b	.L1
  96              	.L6:
  97 003a 00BF     		.align	2
  98              	.L5:
  99 003c 00000000 		.word	.LANCHOR0
 100 0040 00640040 		.word	1073767424
 101              		.cfi_endproc
 102              	.LFE134:
 104              		.section	.text.HAL_CAN_MspInit,"ax",%progbits
 105              		.align	1
 106              		.global	HAL_CAN_MspInit
 107              		.syntax unified
 108              		.thumb
 109              		.thumb_func
 110              		.fpu fpv4-sp-d16
 112              	HAL_CAN_MspInit:
 113              	.LVL2:
ARM GAS  /tmp/ccjaXM34.s 			page 4


 114              	.LFB135:
  61:Core/Src/can.c **** 
  62:Core/Src/can.c **** void HAL_CAN_MspInit(CAN_HandleTypeDef* canHandle)
  63:Core/Src/can.c **** {
 115              		.loc 1 63 1 is_stmt 1 view -0
 116              		.cfi_startproc
 117              		@ args = 0, pretend = 0, frame = 32
 118              		@ frame_needed = 0, uses_anonymous_args = 0
 119              		.loc 1 63 1 is_stmt 0 view .LVU32
 120 0000 10B5     		push	{r4, lr}
 121              	.LCFI1:
 122              		.cfi_def_cfa_offset 8
 123              		.cfi_offset 4, -8
 124              		.cfi_offset 14, -4
 125 0002 88B0     		sub	sp, sp, #32
 126              	.LCFI2:
 127              		.cfi_def_cfa_offset 40
  64:Core/Src/can.c **** 
  65:Core/Src/can.c ****   GPIO_InitTypeDef GPIO_InitStruct = {0};
 128              		.loc 1 65 3 is_stmt 1 view .LVU33
 129              		.loc 1 65 20 is_stmt 0 view .LVU34
 130 0004 0023     		movs	r3, #0
 131 0006 0393     		str	r3, [sp, #12]
 132 0008 0493     		str	r3, [sp, #16]
 133 000a 0593     		str	r3, [sp, #20]
 134 000c 0693     		str	r3, [sp, #24]
 135 000e 0793     		str	r3, [sp, #28]
  66:Core/Src/can.c ****   if(canHandle->Instance==CAN1)
 136              		.loc 1 66 3 is_stmt 1 view .LVU35
 137              		.loc 1 66 15 is_stmt 0 view .LVU36
 138 0010 0268     		ldr	r2, [r0]
 139              		.loc 1 66 5 view .LVU37
 140 0012 184B     		ldr	r3, .L11
 141 0014 9A42     		cmp	r2, r3
 142 0016 01D0     		beq	.L10
 143              	.LVL3:
 144              	.L7:
  67:Core/Src/can.c ****   {
  68:Core/Src/can.c ****   /* USER CODE BEGIN CAN1_MspInit 0 */
  69:Core/Src/can.c **** 
  70:Core/Src/can.c ****   /* USER CODE END CAN1_MspInit 0 */
  71:Core/Src/can.c ****     /* CAN1 clock enable */
  72:Core/Src/can.c ****     __HAL_RCC_CAN1_CLK_ENABLE();
  73:Core/Src/can.c **** 
  74:Core/Src/can.c ****     __HAL_RCC_GPIOD_CLK_ENABLE();
  75:Core/Src/can.c ****     /**CAN1 GPIO Configuration
  76:Core/Src/can.c ****     PD0     ------> CAN1_RX
  77:Core/Src/can.c ****     PD1     ------> CAN1_TX
  78:Core/Src/can.c ****     */
  79:Core/Src/can.c ****     GPIO_InitStruct.Pin = GPIO_PIN_0|GPIO_PIN_1;
  80:Core/Src/can.c ****     GPIO_InitStruct.Mode = GPIO_MODE_AF_PP;
  81:Core/Src/can.c ****     GPIO_InitStruct.Pull = GPIO_NOPULL;
  82:Core/Src/can.c ****     GPIO_InitStruct.Speed = GPIO_SPEED_FREQ_VERY_HIGH;
  83:Core/Src/can.c ****     GPIO_InitStruct.Alternate = GPIO_AF9_CAN1;
  84:Core/Src/can.c ****     HAL_GPIO_Init(GPIOD, &GPIO_InitStruct);
  85:Core/Src/can.c **** 
  86:Core/Src/can.c ****     /* CAN1 interrupt Init */
ARM GAS  /tmp/ccjaXM34.s 			page 5


  87:Core/Src/can.c ****     HAL_NVIC_SetPriority(CAN1_RX0_IRQn, 0, 0);
  88:Core/Src/can.c ****     HAL_NVIC_EnableIRQ(CAN1_RX0_IRQn);
  89:Core/Src/can.c ****   /* USER CODE BEGIN CAN1_MspInit 1 */
  90:Core/Src/can.c **** 
  91:Core/Src/can.c ****   /* USER CODE END CAN1_MspInit 1 */
  92:Core/Src/can.c ****   }
  93:Core/Src/can.c **** }
 145              		.loc 1 93 1 view .LVU38
 146 0018 08B0     		add	sp, sp, #32
 147              	.LCFI3:
 148              		.cfi_remember_state
 149              		.cfi_def_cfa_offset 8
 150              		@ sp needed
 151 001a 10BD     		pop	{r4, pc}
 152              	.LVL4:
 153              	.L10:
 154              	.LCFI4:
 155              		.cfi_restore_state
  72:Core/Src/can.c **** 
 156              		.loc 1 72 5 is_stmt 1 view .LVU39
 157              	.LBB2:
  72:Core/Src/can.c **** 
 158              		.loc 1 72 5 view .LVU40
 159 001c 0024     		movs	r4, #0
 160 001e 0194     		str	r4, [sp, #4]
  72:Core/Src/can.c **** 
 161              		.loc 1 72 5 view .LVU41
 162 0020 03F5EA33 		add	r3, r3, #119808
 163 0024 1A6C     		ldr	r2, [r3, #64]
 164 0026 42F00072 		orr	r2, r2, #33554432
 165 002a 1A64     		str	r2, [r3, #64]
  72:Core/Src/can.c **** 
 166              		.loc 1 72 5 view .LVU42
 167 002c 1A6C     		ldr	r2, [r3, #64]
 168 002e 02F00072 		and	r2, r2, #33554432
 169 0032 0192     		str	r2, [sp, #4]
  72:Core/Src/can.c **** 
 170              		.loc 1 72 5 view .LVU43
 171 0034 019A     		ldr	r2, [sp, #4]
 172              	.LBE2:
  72:Core/Src/can.c **** 
 173              		.loc 1 72 5 view .LVU44
  74:Core/Src/can.c ****     /**CAN1 GPIO Configuration
 174              		.loc 1 74 5 view .LVU45
 175              	.LBB3:
  74:Core/Src/can.c ****     /**CAN1 GPIO Configuration
 176              		.loc 1 74 5 view .LVU46
 177 0036 0294     		str	r4, [sp, #8]
  74:Core/Src/can.c ****     /**CAN1 GPIO Configuration
 178              		.loc 1 74 5 view .LVU47
 179 0038 1A6B     		ldr	r2, [r3, #48]
 180 003a 42F00802 		orr	r2, r2, #8
 181 003e 1A63     		str	r2, [r3, #48]
  74:Core/Src/can.c ****     /**CAN1 GPIO Configuration
 182              		.loc 1 74 5 view .LVU48
 183 0040 1B6B     		ldr	r3, [r3, #48]
 184 0042 03F00803 		and	r3, r3, #8
ARM GAS  /tmp/ccjaXM34.s 			page 6


 185 0046 0293     		str	r3, [sp, #8]
  74:Core/Src/can.c ****     /**CAN1 GPIO Configuration
 186              		.loc 1 74 5 view .LVU49
 187 0048 029B     		ldr	r3, [sp, #8]
 188              	.LBE3:
  74:Core/Src/can.c ****     /**CAN1 GPIO Configuration
 189              		.loc 1 74 5 view .LVU50
  79:Core/Src/can.c ****     GPIO_InitStruct.Mode = GPIO_MODE_AF_PP;
 190              		.loc 1 79 5 view .LVU51
  79:Core/Src/can.c ****     GPIO_InitStruct.Mode = GPIO_MODE_AF_PP;
 191              		.loc 1 79 25 is_stmt 0 view .LVU52
 192 004a 0323     		movs	r3, #3
 193 004c 0393     		str	r3, [sp, #12]
  80:Core/Src/can.c ****     GPIO_InitStruct.Pull = GPIO_NOPULL;
 194              		.loc 1 80 5 is_stmt 1 view .LVU53
  80:Core/Src/can.c ****     GPIO_InitStruct.Pull = GPIO_NOPULL;
 195              		.loc 1 80 26 is_stmt 0 view .LVU54
 196 004e 0222     		movs	r2, #2
 197 0050 0492     		str	r2, [sp, #16]
  81:Core/Src/can.c ****     GPIO_InitStruct.Speed = GPIO_SPEED_FREQ_VERY_HIGH;
 198              		.loc 1 81 5 is_stmt 1 view .LVU55
  82:Core/Src/can.c ****     GPIO_InitStruct.Alternate = GPIO_AF9_CAN1;
 199              		.loc 1 82 5 view .LVU56
  82:Core/Src/can.c ****     GPIO_InitStruct.Alternate = GPIO_AF9_CAN1;
 200              		.loc 1 82 27 is_stmt 0 view .LVU57
 201 0052 0693     		str	r3, [sp, #24]
  83:Core/Src/can.c ****     HAL_GPIO_Init(GPIOD, &GPIO_InitStruct);
 202              		.loc 1 83 5 is_stmt 1 view .LVU58
  83:Core/Src/can.c ****     HAL_GPIO_Init(GPIOD, &GPIO_InitStruct);
 203              		.loc 1 83 31 is_stmt 0 view .LVU59
 204 0054 0923     		movs	r3, #9
 205 0056 0793     		str	r3, [sp, #28]
  84:Core/Src/can.c **** 
 206              		.loc 1 84 5 is_stmt 1 view .LVU60
 207 0058 03A9     		add	r1, sp, #12
 208 005a 0748     		ldr	r0, .L11+4
 209              	.LVL5:
  84:Core/Src/can.c **** 
 210              		.loc 1 84 5 is_stmt 0 view .LVU61
 211 005c FFF7FEFF 		bl	HAL_GPIO_Init
 212              	.LVL6:
  87:Core/Src/can.c ****     HAL_NVIC_EnableIRQ(CAN1_RX0_IRQn);
 213              		.loc 1 87 5 is_stmt 1 view .LVU62
 214 0060 2246     		mov	r2, r4
 215 0062 2146     		mov	r1, r4
 216 0064 1420     		movs	r0, #20
 217 0066 FFF7FEFF 		bl	HAL_NVIC_SetPriority
 218              	.LVL7:
  88:Core/Src/can.c ****   /* USER CODE BEGIN CAN1_MspInit 1 */
 219              		.loc 1 88 5 view .LVU63
 220 006a 1420     		movs	r0, #20
 221 006c FFF7FEFF 		bl	HAL_NVIC_EnableIRQ
 222              	.LVL8:
 223              		.loc 1 93 1 is_stmt 0 view .LVU64
 224 0070 D2E7     		b	.L7
 225              	.L12:
 226 0072 00BF     		.align	2
ARM GAS  /tmp/ccjaXM34.s 			page 7


 227              	.L11:
 228 0074 00640040 		.word	1073767424
 229 0078 000C0240 		.word	1073875968
 230              		.cfi_endproc
 231              	.LFE135:
 233              		.section	.text.HAL_CAN_MspDeInit,"ax",%progbits
 234              		.align	1
 235              		.global	HAL_CAN_MspDeInit
 236              		.syntax unified
 237              		.thumb
 238              		.thumb_func
 239              		.fpu fpv4-sp-d16
 241              	HAL_CAN_MspDeInit:
 242              	.LVL9:
 243              	.LFB136:
  94:Core/Src/can.c **** 
  95:Core/Src/can.c **** void HAL_CAN_MspDeInit(CAN_HandleTypeDef* canHandle)
  96:Core/Src/can.c **** {
 244              		.loc 1 96 1 is_stmt 1 view -0
 245              		.cfi_startproc
 246              		@ args = 0, pretend = 0, frame = 0
 247              		@ frame_needed = 0, uses_anonymous_args = 0
 248              		.loc 1 96 1 is_stmt 0 view .LVU66
 249 0000 08B5     		push	{r3, lr}
 250              	.LCFI5:
 251              		.cfi_def_cfa_offset 8
 252              		.cfi_offset 3, -8
 253              		.cfi_offset 14, -4
  97:Core/Src/can.c **** 
  98:Core/Src/can.c ****   if(canHandle->Instance==CAN1)
 254              		.loc 1 98 3 is_stmt 1 view .LVU67
 255              		.loc 1 98 15 is_stmt 0 view .LVU68
 256 0002 0268     		ldr	r2, [r0]
 257              		.loc 1 98 5 view .LVU69
 258 0004 084B     		ldr	r3, .L17
 259 0006 9A42     		cmp	r2, r3
 260 0008 00D0     		beq	.L16
 261              	.LVL10:
 262              	.L13:
  99:Core/Src/can.c ****   {
 100:Core/Src/can.c ****   /* USER CODE BEGIN CAN1_MspDeInit 0 */
 101:Core/Src/can.c **** 
 102:Core/Src/can.c ****   /* USER CODE END CAN1_MspDeInit 0 */
 103:Core/Src/can.c ****     /* Peripheral clock disable */
 104:Core/Src/can.c ****     __HAL_RCC_CAN1_CLK_DISABLE();
 105:Core/Src/can.c **** 
 106:Core/Src/can.c ****     /**CAN1 GPIO Configuration
 107:Core/Src/can.c ****     PD0     ------> CAN1_RX
 108:Core/Src/can.c ****     PD1     ------> CAN1_TX
 109:Core/Src/can.c ****     */
 110:Core/Src/can.c ****     HAL_GPIO_DeInit(GPIOD, GPIO_PIN_0|GPIO_PIN_1);
 111:Core/Src/can.c **** 
 112:Core/Src/can.c ****     /* CAN1 interrupt Deinit */
 113:Core/Src/can.c ****     HAL_NVIC_DisableIRQ(CAN1_RX0_IRQn);
 114:Core/Src/can.c ****   /* USER CODE BEGIN CAN1_MspDeInit 1 */
 115:Core/Src/can.c **** 
 116:Core/Src/can.c ****   /* USER CODE END CAN1_MspDeInit 1 */
ARM GAS  /tmp/ccjaXM34.s 			page 8


 117:Core/Src/can.c ****   }
 118:Core/Src/can.c **** }
 263              		.loc 1 118 1 view .LVU70
 264 000a 08BD     		pop	{r3, pc}
 265              	.LVL11:
 266              	.L16:
 104:Core/Src/can.c **** 
 267              		.loc 1 104 5 is_stmt 1 view .LVU71
 268 000c 074A     		ldr	r2, .L17+4
 269 000e 136C     		ldr	r3, [r2, #64]
 270 0010 23F00073 		bic	r3, r3, #33554432
 271 0014 1364     		str	r3, [r2, #64]
 110:Core/Src/can.c **** 
 272              		.loc 1 110 5 view .LVU72
 273 0016 0321     		movs	r1, #3
 274 0018 0548     		ldr	r0, .L17+8
 275              	.LVL12:
 110:Core/Src/can.c **** 
 276              		.loc 1 110 5 is_stmt 0 view .LVU73
 277 001a FFF7FEFF 		bl	HAL_GPIO_DeInit
 278              	.LVL13:
 113:Core/Src/can.c ****   /* USER CODE BEGIN CAN1_MspDeInit 1 */
 279              		.loc 1 113 5 is_stmt 1 view .LVU74
 280 001e 1420     		movs	r0, #20
 281 0020 FFF7FEFF 		bl	HAL_NVIC_DisableIRQ
 282              	.LVL14:
 283              		.loc 1 118 1 is_stmt 0 view .LVU75
 284 0024 F1E7     		b	.L13
 285              	.L18:
 286 0026 00BF     		.align	2
 287              	.L17:
 288 0028 00640040 		.word	1073767424
 289 002c 00380240 		.word	1073887232
 290 0030 000C0240 		.word	1073875968
 291              		.cfi_endproc
 292              	.LFE136:
 294              		.global	hcan1
 295              		.section	.bss.hcan1,"aw",%nobits
 296              		.align	2
 297              		.set	.LANCHOR0,. + 0
 300              	hcan1:
 301 0000 00000000 		.space	40
 301      00000000 
 301      00000000 
 301      00000000 
 301      00000000 
 302              		.text
 303              	.Letext0:
 304              		.file 2 "/usr/lib/gcc/arm-none-eabi/10.3.1/include/stdint.h"
 305              		.file 3 "Drivers/CMSIS/Device/ST/STM32F4xx/Include/stm32f427xx.h"
 306              		.file 4 "Drivers/CMSIS/Device/ST/STM32F4xx/Include/stm32f4xx.h"
 307              		.file 5 "Drivers/STM32F4xx_HAL_Driver/Inc/stm32f4xx_hal_def.h"
 308              		.file 6 "Drivers/STM32F4xx_HAL_Driver/Inc/stm32f4xx_hal_gpio.h"
 309              		.file 7 "Drivers/STM32F4xx_HAL_Driver/Inc/stm32f4xx_hal_can.h"
 310              		.file 8 "Drivers/STM32F4xx_HAL_Driver/Inc/stm32f4xx_hal_cortex.h"
 311              		.file 9 "Core/Inc/main.h"
 312              		.file 10 "Core/Inc/can.h"
ARM GAS  /tmp/ccjaXM34.s 			page 9


ARM GAS  /tmp/ccjaXM34.s 			page 10


DEFINED SYMBOLS
                            *ABS*:0000000000000000 can.c
     /tmp/ccjaXM34.s:18     .text.MX_CAN1_Init:0000000000000000 $t
     /tmp/ccjaXM34.s:26     .text.MX_CAN1_Init:0000000000000000 MX_CAN1_Init
     /tmp/ccjaXM34.s:99     .text.MX_CAN1_Init:000000000000003c $d
     /tmp/ccjaXM34.s:105    .text.HAL_CAN_MspInit:0000000000000000 $t
     /tmp/ccjaXM34.s:112    .text.HAL_CAN_MspInit:0000000000000000 HAL_CAN_MspInit
     /tmp/ccjaXM34.s:228    .text.HAL_CAN_MspInit:0000000000000074 $d
     /tmp/ccjaXM34.s:234    .text.HAL_CAN_MspDeInit:0000000000000000 $t
     /tmp/ccjaXM34.s:241    .text.HAL_CAN_MspDeInit:0000000000000000 HAL_CAN_MspDeInit
     /tmp/ccjaXM34.s:288    .text.HAL_CAN_MspDeInit:0000000000000028 $d
     /tmp/ccjaXM34.s:300    .bss.hcan1:0000000000000000 hcan1
     /tmp/ccjaXM34.s:296    .bss.hcan1:0000000000000000 $d

UNDEFINED SYMBOLS
HAL_CAN_Init
Error_Handler
HAL_GPIO_Init
HAL_NVIC_SetPriority
HAL_NVIC_EnableIRQ
HAL_GPIO_DeInit
HAL_NVIC_DisableIRQ
